[2022-02-15T21:43:01.782355 1648 ] === CCACHE 4.2.1 STARTED =========================================
[2022-02-15T21:43:01.782450 1648 ] Failed to stat ./cache: No such file or directory
[2022-02-15T21:43:01.782450 1648 ] Config: (default) absolute_paths_in_stderr = false
[2022-02-15T21:43:01.782450 1648 ] Config: (default) base_dir = 
[2022-02-15T21:43:01.782450 1648 ] Config: (environment) cache_dir = ./cache
[2022-02-15T21:43:01.782450 1648 ] Config: (default) compiler = 
[2022-02-15T21:43:01.782450 1648 ] Config: (default) compiler_check = mtime
[2022-02-15T21:43:01.782450 1648 ] Config: (default) compiler_type = auto
[2022-02-15T21:43:01.782450 1648 ] Config: (default) compression = true
[2022-02-15T21:43:01.782450 1648 ] Config: (default) compression_level = 0
[2022-02-15T21:43:01.782450 1648 ] Config: (default) cpp_extension = 
[2022-02-15T21:43:01.782450 1648 ] Config: (default) debug = false
[2022-02-15T21:43:01.782450 1648 ] Config: (default) debug_dir = 
[2022-02-15T21:43:01.782450 1648 ] Config: (default) depend_mode = false
[2022-02-15T21:43:01.782450 1648 ] Config: (default) direct_mode = true
[2022-02-15T21:43:01.782450 1648 ] Config: (default) disable = false
[2022-02-15T21:43:01.782450 1648 ] Config: (default) extra_files_to_hash = 
[2022-02-15T21:43:01.782450 1648 ] Config: (default) file_clone = false
[2022-02-15T21:43:01.782450 1648 ] Config: (default) hard_link = false
[2022-02-15T21:43:01.782450 1648 ] Config: (default) hash_dir = true
[2022-02-15T21:43:01.782450 1648 ] Config: (default) ignore_headers_in_manifest = 
[2022-02-15T21:43:01.782450 1648 ] Config: (default) ignore_options = 
[2022-02-15T21:43:01.782450 1648 ] Config: (default) inode_cache = false
[2022-02-15T21:43:01.782450 1648 ] Config: (default) keep_comments_cpp = false
[2022-02-15T21:43:01.782450 1648 ] Config: (default) limit_multiple = 0.8
[2022-02-15T21:43:01.782450 1648 ] Config: (environment) log_file = ./ccache.log
[2022-02-15T21:43:01.782450 1648 ] Config: (default) max_files = 0
[2022-02-15T21:43:01.782450 1648 ] Config: (default) max_size = 5.0G
[2022-02-15T21:43:01.782450 1648 ] Config: (default) path = 
[2022-02-15T21:43:01.782450 1648 ] Config: (default) pch_external_checksum = false
[2022-02-15T21:43:01.782450 1648 ] Config: (default) prefix_command = 
[2022-02-15T21:43:01.782450 1648 ] Config: (default) prefix_command_cpp = 
[2022-02-15T21:43:01.782450 1648 ] Config: (default) read_only = false
[2022-02-15T21:43:01.782450 1648 ] Config: (default) read_only_direct = false
[2022-02-15T21:43:01.782450 1648 ] Config: (default) recache = false
[2022-02-15T21:43:01.782450 1648 ] Config: (default) run_second_cpp = true
[2022-02-15T21:43:01.782450 1648 ] Config: (default) sloppiness = 
[2022-02-15T21:43:01.782450 1648 ] Config: (default) stats = true
[2022-02-15T21:43:01.782450 1648 ] Config: (default) temporary_dir = ./cache/tmp
[2022-02-15T21:43:01.782450 1648 ] Config: (default) umask = 
[2022-02-15T21:43:01.782501 1648 ] Command line: ccache clang -c main.c
[2022-02-15T21:43:01.782513 1648 ] Hostname: xuzhongngdeMini
[2022-02-15T21:43:01.782520 1648 ] Working directory: /Users/xuzhongping/Desktop/Dev/myGithub/ccache/learn/simple_code
[2022-02-15T21:43:01.782527 1648 ] Compiler type: clang
[2022-02-15T21:43:01.782585 1648 ] Source file: main.c
[2022-02-15T21:43:01.782596 1648 ] Object file: main.o
[2022-02-15T21:43:01.782981 1648 ] Trying direct lookup
[2022-02-15T21:43:01.783032 1648 ] No manifest with name a9a9g8vrig81d8b1vvdl3it6uvqlub9js in the cache
[2022-02-15T21:43:01.783394 1648 ] Running preprocessor
[2022-02-15T21:43:01.783406 1648 ] Executing /usr/bin/clang -E main.c
[2022-02-15T21:43:01.823603 1648 ] Got result name from preprocessor
[2022-02-15T21:43:01.823660 1648 ] No result with name db4aboo6njd7mr6c4maeiok0affeqss9i in the cache
[2022-02-15T21:43:01.823673 1648 ] Running real compiler
[2022-02-15T21:43:01.824080 1648 ] Executing /usr/bin/clang -c -fcolor-diagnostics -o main.o main.c
[2022-02-15T21:43:01.862958 1648 ] Using default compression level 1
[2022-02-15T21:43:01.864066 1648 ] Storing result main.o
[2022-02-15T21:43:01.864110 1648 ] Storing embedded file #0 .o (784 bytes) from main.o
[2022-02-15T21:43:01.865494 1648 ] Stored in cache: ./cache/d/b/4aboo6njd7mr6c4maeiok0affeqss9iR
[2022-02-15T21:43:01.865683 1648 ] Adding result name to ./cache/a/9/a9g8vrig81d8b1vvdl3it6uvqlub9jsM
[2022-02-15T21:43:01.866288 1648 ] Using default compression level 1
[2022-02-15T21:43:01.866543 1648 ] Result: cache miss
[2022-02-15T21:43:01.866623 1648 ] Acquired lock ./cache/a/stats.lock
[2022-02-15T21:43:01.866950 1648 ] Releasing lock ./cache/a/stats.lock
[2022-02-15T21:43:01.867001 1648 ] Unlink ./cache/a/stats.lock
[2022-02-15T21:43:01.867067 1648 ] Acquired lock ./cache/d/stats.lock
[2022-02-15T21:43:01.867277 1648 ] Releasing lock ./cache/d/stats.lock
[2022-02-15T21:43:01.867315 1648 ] Unlink ./cache/d/stats.lock
[2022-02-15T21:43:01.867351 1648 ] Unlink ./cache/tmp/tmp.stderr.uJLOBT
[2022-02-15T21:43:01.867379 1648 ] Unlink ./cache/tmp/tmp.stdout.JUk4ym
[2022-02-15T21:43:01.867406 1648 ] Unlink ./cache/tmp/tmp.cpp_stderr.IiqPrU
[2022-02-15T21:43:01.867451 1648 ] Unlink ./cache/tmp/tmp.cpp_stdout.FKoPRZ.i
[2022-02-15T21:43:01.867516 1648 ] Unlink ./cache/tmp/tmp.cpp_stdout.FKoPRZ
[2022-02-15T21:51:07.698779 2005 ] === CCACHE 4.2.1 STARTED =========================================
[2022-02-15T21:51:07.698779 2005 ] Config: (default) absolute_paths_in_stderr = false
[2022-02-15T21:51:07.698779 2005 ] Config: (default) base_dir = 
[2022-02-15T21:51:07.698779 2005 ] Config: (environment) cache_dir = ./cache
[2022-02-15T21:51:07.698779 2005 ] Config: (default) compiler = 
[2022-02-15T21:51:07.698779 2005 ] Config: (default) compiler_check = mtime
[2022-02-15T21:51:07.698779 2005 ] Config: (default) compiler_type = auto
[2022-02-15T21:51:07.698779 2005 ] Config: (default) compression = true
[2022-02-15T21:51:07.698779 2005 ] Config: (default) compression_level = 0
[2022-02-15T21:51:07.698779 2005 ] Config: (default) cpp_extension = 
[2022-02-15T21:51:07.698779 2005 ] Config: (default) debug = false
[2022-02-15T21:51:07.698779 2005 ] Config: (default) debug_dir = 
[2022-02-15T21:51:07.698779 2005 ] Config: (default) depend_mode = false
[2022-02-15T21:51:07.698779 2005 ] Config: (default) direct_mode = true
[2022-02-15T21:51:07.698779 2005 ] Config: (default) disable = false
[2022-02-15T21:51:07.698779 2005 ] Config: (default) extra_files_to_hash = 
[2022-02-15T21:51:07.698779 2005 ] Config: (default) file_clone = false
[2022-02-15T21:51:07.698779 2005 ] Config: (default) hard_link = false
[2022-02-15T21:51:07.698779 2005 ] Config: (default) hash_dir = true
[2022-02-15T21:51:07.698779 2005 ] Config: (default) ignore_headers_in_manifest = 
[2022-02-15T21:51:07.698779 2005 ] Config: (default) ignore_options = 
[2022-02-15T21:51:07.698779 2005 ] Config: (default) inode_cache = false
[2022-02-15T21:51:07.698779 2005 ] Config: (default) keep_comments_cpp = false
[2022-02-15T21:51:07.698779 2005 ] Config: (default) limit_multiple = 0.8
[2022-02-15T21:51:07.698779 2005 ] Config: (environment) log_file = ./ccache.log
[2022-02-15T21:51:07.698779 2005 ] Config: (default) max_files = 0
[2022-02-15T21:51:07.698779 2005 ] Config: (default) max_size = 5.0G
[2022-02-15T21:51:07.698779 2005 ] Config: (default) path = 
[2022-02-15T21:51:07.698779 2005 ] Config: (default) pch_external_checksum = false
[2022-02-15T21:51:07.698779 2005 ] Config: (default) prefix_command = 
[2022-02-15T21:51:07.698779 2005 ] Config: (default) prefix_command_cpp = 
[2022-02-15T21:51:07.698779 2005 ] Config: (default) read_only = false
[2022-02-15T21:51:07.698779 2005 ] Config: (default) read_only_direct = false
[2022-02-15T21:51:07.698779 2005 ] Config: (default) recache = false
[2022-02-15T21:51:07.698779 2005 ] Config: (default) run_second_cpp = true
[2022-02-15T21:51:07.698779 2005 ] Config: (default) sloppiness = 
[2022-02-15T21:51:07.698779 2005 ] Config: (default) stats = true
[2022-02-15T21:51:07.698779 2005 ] Config: (default) temporary_dir = ./cache/tmp
[2022-02-15T21:51:07.698779 2005 ] Config: (default) umask = 
[2022-02-15T21:51:07.699671 2005 ] Command line: ccache clang -c main.c
[2022-02-15T21:51:07.699699 2005 ] Hostname: xuzhongngdeMini
[2022-02-15T21:51:07.699705 2005 ] Working directory: /Users/xuzhongping/Desktop/Dev/myGithub/ccache/learn/simple_code
[2022-02-15T21:51:07.699710 2005 ] Compiler type: clang
[2022-02-15T21:51:07.699757 2005 ] Source file: main.c
[2022-02-15T21:51:07.699766 2005 ] Object file: main.o
[2022-02-15T21:51:07.699790 2005 ] Trying direct lookup
[2022-02-15T21:51:07.699841 2005 ] No manifest with name a9a9g8vrig81d8b1vvdl3it6uvqlub9js in the cache
[2022-02-15T21:51:07.700141 2005 ] Running preprocessor
[2022-02-15T21:51:07.700150 2005 ] Executing /usr/bin/clang -E main.c
[2022-02-15T21:51:07.737039 2005 ] Got result name from preprocessor
[2022-02-15T21:51:07.737088 2005 ] Reading result ./cache/d/b/4aboo6njd7mr6c4maeiok0affeqss9iR
[2022-02-15T21:51:07.738640 2005 ] Reading embedded entry #0 .o (784 bytes)
[2022-02-15T21:51:07.738680 2005 ] Writing to main.o
[2022-02-15T21:51:07.739016 2005 ] Succeeded getting cached result
[2022-02-15T21:51:07.739037 2005 ] Adding result name to ./cache/a/9/a9g8vrig81d8b1vvdl3it6uvqlub9jsM
[2022-02-15T21:51:07.739299 2005 ] Using default compression level 1
[2022-02-15T21:51:07.739570 2005 ] Result: cache hit (preprocessed)
[2022-02-15T21:51:07.739642 2005 ] Acquired lock ./cache/a/stats.lock
[2022-02-15T21:51:07.739881 2005 ] Releasing lock ./cache/a/stats.lock
[2022-02-15T21:51:07.739917 2005 ] Unlink ./cache/a/stats.lock
[2022-02-15T21:51:07.739973 2005 ] Acquired lock ./cache/d/b/stats.lock
[2022-02-15T21:51:07.740264 2005 ] Releasing lock ./cache/d/b/stats.lock
[2022-02-15T21:51:07.740301 2005 ] Unlink ./cache/d/b/stats.lock
[2022-02-15T21:51:07.740333 2005 ] Unlink ./cache/tmp/tmp.cpp_stderr.tPkjJQ
[2022-02-15T21:51:07.740379 2005 ] Unlink ./cache/tmp/tmp.cpp_stdout.adn7qo.i
[2022-02-15T21:51:07.740443 2005 ] Unlink ./cache/tmp/tmp.cpp_stdout.adn7qo
[2022-02-15T21:54:38.825481 2145 ] === CCACHE 4.2.1 STARTED =========================================
[2022-02-15T21:54:38.825481 2145 ] Config: (default) absolute_paths_in_stderr = false
[2022-02-15T21:54:38.825481 2145 ] Config: (default) base_dir = 
[2022-02-15T21:54:38.825481 2145 ] Config: (environment) cache_dir = ./cache
[2022-02-15T21:54:38.825481 2145 ] Config: (default) compiler = 
[2022-02-15T21:54:38.825481 2145 ] Config: (default) compiler_check = mtime
[2022-02-15T21:54:38.825481 2145 ] Config: (default) compiler_type = auto
[2022-02-15T21:54:38.825481 2145 ] Config: (default) compression = true
[2022-02-15T21:54:38.825481 2145 ] Config: (default) compression_level = 0
[2022-02-15T21:54:38.825481 2145 ] Config: (default) cpp_extension = 
[2022-02-15T21:54:38.825481 2145 ] Config: (default) debug = false
[2022-02-15T21:54:38.825481 2145 ] Config: (default) debug_dir = 
[2022-02-15T21:54:38.825481 2145 ] Config: (default) depend_mode = false
[2022-02-15T21:54:38.825481 2145 ] Config: (default) direct_mode = true
[2022-02-15T21:54:38.825481 2145 ] Config: (default) disable = false
[2022-02-15T21:54:38.825481 2145 ] Config: (default) extra_files_to_hash = 
[2022-02-15T21:54:38.825481 2145 ] Config: (default) file_clone = false
[2022-02-15T21:54:38.825481 2145 ] Config: (default) hard_link = false
[2022-02-15T21:54:38.825481 2145 ] Config: (default) hash_dir = true
[2022-02-15T21:54:38.825481 2145 ] Config: (default) ignore_headers_in_manifest = 
[2022-02-15T21:54:38.825481 2145 ] Config: (default) ignore_options = 
[2022-02-15T21:54:38.825481 2145 ] Config: (default) inode_cache = false
[2022-02-15T21:54:38.825481 2145 ] Config: (default) keep_comments_cpp = false
[2022-02-15T21:54:38.825481 2145 ] Config: (default) limit_multiple = 0.8
[2022-02-15T21:54:38.825481 2145 ] Config: (environment) log_file = ./ccache.log
[2022-02-15T21:54:38.825481 2145 ] Config: (default) max_files = 0
[2022-02-15T21:54:38.825481 2145 ] Config: (default) max_size = 5.0G
[2022-02-15T21:54:38.825481 2145 ] Config: (default) path = 
[2022-02-15T21:54:38.825481 2145 ] Config: (default) pch_external_checksum = false
[2022-02-15T21:54:38.825481 2145 ] Config: (default) prefix_command = 
[2022-02-15T21:54:38.825481 2145 ] Config: (default) prefix_command_cpp = 
[2022-02-15T21:54:38.825481 2145 ] Config: (default) read_only = false
[2022-02-15T21:54:38.825481 2145 ] Config: (default) read_only_direct = false
[2022-02-15T21:54:38.825481 2145 ] Config: (default) recache = false
[2022-02-15T21:54:38.825481 2145 ] Config: (default) run_second_cpp = true
[2022-02-15T21:54:38.825481 2145 ] Config: (default) sloppiness = 
[2022-02-15T21:54:38.825481 2145 ] Config: (default) stats = true
[2022-02-15T21:54:38.825481 2145 ] Config: (default) temporary_dir = ./cache/tmp
[2022-02-15T21:54:38.825481 2145 ] Config: (default) umask = 
[2022-02-15T21:54:38.825668 2145 ] Command line: ccache clang -c main.c
[2022-02-15T21:54:38.825716 2145 ] Hostname: xuzhongngdeMini
[2022-02-15T21:54:38.825723 2145 ] Working directory: /Users/xuzhongping/Desktop/Dev/myGithub/ccache/learn/simple_code
[2022-02-15T21:54:38.825728 2145 ] Compiler type: clang
[2022-02-15T21:54:38.825825 2145 ] Source file: main.c
[2022-02-15T21:54:38.825855 2145 ] Object file: main.o
[2022-02-15T21:54:38.825883 2145 ] Trying direct lookup
[2022-02-15T21:54:38.825975 2145 ] Looking for result name in ./cache/a/9/a9g8vrig81d8b1vvdl3it6uvqlub9jsM
[2022-02-15T21:54:38.827363 2145 ] Got result name from manifest
[2022-02-15T21:54:38.827392 2145 ] Reading result ./cache/d/b/4aboo6njd7mr6c4maeiok0affeqss9iR
[2022-02-15T21:54:38.827446 2145 ] Reading embedded entry #0 .o (784 bytes)
[2022-02-15T21:54:38.827454 2145 ] Writing to main.o
[2022-02-15T21:54:38.827591 2145 ] Succeeded getting cached result
[2022-02-15T21:54:38.827604 2145 ] Result: cache hit (direct)
[2022-02-15T21:54:38.827676 2145 ] Acquired lock ./cache/d/b/stats.lock
[2022-02-15T21:54:38.827932 2145 ] Releasing lock ./cache/d/b/stats.lock
[2022-02-15T21:54:38.827970 2145 ] Unlink ./cache/d/b/stats.lock
[2022-02-15T21:57:54.384830 2339 ] === CCACHE 4.2.1 STARTED =========================================
[2022-02-15T22:05:05.521632 2669 ] === CCACHE 4.2.1 STARTED =========================================
[2022-02-15T22:05:05.521632 2669 ] Config: (default) absolute_paths_in_stderr = false
[2022-02-15T22:05:05.521632 2669 ] Config: (default) base_dir = 
[2022-02-15T22:05:05.521632 2669 ] Config: (environment) cache_dir = ./cache
[2022-02-15T22:05:05.521632 2669 ] Config: (default) compiler = 
[2022-02-15T22:05:05.521632 2669 ] Config: (default) compiler_check = mtime
[2022-02-15T22:05:05.521632 2669 ] Config: (default) compiler_type = auto
[2022-02-15T22:05:05.521632 2669 ] Config: (default) compression = true
[2022-02-15T22:05:05.521632 2669 ] Config: (default) compression_level = 0
[2022-02-15T22:05:05.521632 2669 ] Config: (default) cpp_extension = 
[2022-02-15T22:05:05.521632 2669 ] Config: (default) debug = false
[2022-02-15T22:05:05.521632 2669 ] Config: (default) debug_dir = 
[2022-02-15T22:05:05.521632 2669 ] Config: (default) depend_mode = false
[2022-02-15T22:05:05.521632 2669 ] Config: (default) direct_mode = true
[2022-02-15T22:05:05.521632 2669 ] Config: (default) disable = false
[2022-02-15T22:05:05.521632 2669 ] Config: (default) extra_files_to_hash = 
[2022-02-15T22:05:05.521632 2669 ] Config: (default) file_clone = false
[2022-02-15T22:05:05.521632 2669 ] Config: (default) hard_link = false
[2022-02-15T22:05:05.521632 2669 ] Config: (default) hash_dir = true
[2022-02-15T22:05:05.521632 2669 ] Config: (default) ignore_headers_in_manifest = 
[2022-02-15T22:05:05.521632 2669 ] Config: (default) ignore_options = 
[2022-02-15T22:05:05.521632 2669 ] Config: (default) inode_cache = false
[2022-02-15T22:05:05.521632 2669 ] Config: (default) keep_comments_cpp = false
[2022-02-15T22:05:05.521632 2669 ] Config: (default) limit_multiple = 0.8
[2022-02-15T22:05:05.521632 2669 ] Config: (environment) log_file = ./ccache.log
[2022-02-15T22:05:05.521632 2669 ] Config: (default) max_files = 0
[2022-02-15T22:05:05.521632 2669 ] Config: (default) max_size = 5.0G
[2022-02-15T22:05:05.521632 2669 ] Config: (default) path = 
[2022-02-15T22:05:05.521632 2669 ] Config: (default) pch_external_checksum = false
[2022-02-15T22:05:05.521632 2669 ] Config: (default) prefix_command = 
[2022-02-15T22:05:05.521632 2669 ] Config: (default) prefix_command_cpp = 
[2022-02-15T22:05:05.521632 2669 ] Config: (default) read_only = false
[2022-02-15T22:05:05.521632 2669 ] Config: (default) read_only_direct = false
[2022-02-15T22:05:05.521632 2669 ] Config: (default) recache = false
[2022-02-15T22:05:05.521632 2669 ] Config: (default) run_second_cpp = true
[2022-02-15T22:05:05.521632 2669 ] Config: (default) sloppiness = 
[2022-02-15T22:05:05.521632 2669 ] Config: (default) stats = true
[2022-02-15T22:05:05.521632 2669 ] Config: (default) temporary_dir = ./cache/tmp
[2022-02-15T22:05:05.521632 2669 ] Config: (default) umask = 
[2022-02-15T22:05:05.521800 2669 ] Command line: ccache clang -c main.c
[2022-02-15T22:05:05.521826 2669 ] Hostname: xuzhongngdeMini
[2022-02-15T22:05:05.521832 2669 ] Working directory: /Users/xuzhongping/Desktop/Dev/myGithub/ccache/learn/simple_code
[2022-02-15T22:05:05.521837 2669 ] Compiler type: clang
[2022-02-15T22:05:05.521896 2669 ] Source file: main.c
[2022-02-15T22:05:05.521905 2669 ] Object file: main.o
[2022-02-15T22:05:05.521929 2669 ] Trying direct lookup
[2022-02-15T22:05:05.521974 2669 ] Looking for result name in ./cache/a/9/a9g8vrig81d8b1vvdl3it6uvqlub9jsM
[2022-02-15T22:05:05.523179 2669 ] Got result name from manifest
[2022-02-15T22:05:05.523204 2669 ] No result with name db4aboo6njd7mr6c4maeiok0affeqss9i in the cache
[2022-02-15T22:05:05.523508 2669 ] Running preprocessor
[2022-02-15T22:05:05.523517 2669 ] Executing /usr/bin/clang -E main.c
[2022-02-15T22:05:05.560574 2669 ] Got result name from preprocessor
[2022-02-15T22:05:05.560621 2669 ] No result with name db4aboo6njd7mr6c4maeiok0affeqss9i in the cache
[2022-02-15T22:05:05.560631 2669 ] Running real compiler
[2022-02-15T22:05:05.560791 2669 ] Executing /usr/bin/clang -c -fcolor-diagnostics -o main.o main.c
[2022-02-15T22:05:05.598094 2669 ] Using default compression level 1
[2022-02-15T22:05:05.598190 2669 ] Storing result main.o
[2022-02-15T22:05:05.598203 2669 ] Storing embedded file #0 .o (784 bytes) from main.o
[2022-02-15T22:05:05.598388 2669 ] Stored in cache: ./cache/d/b/4aboo6njd7mr6c4maeiok0affeqss9iR
[2022-02-15T22:05:05.598440 2669 ] Adding result name to ./cache/a/9/a9g8vrig81d8b1vvdl3it6uvqlub9jsM
[2022-02-15T22:05:05.598659 2669 ] The entry already exists in the manifest, not adding
[2022-02-15T22:05:05.598669 2669 ] Failed to add result name to ./cache/a/9/a9g8vrig81d8b1vvdl3it6uvqlub9jsM
[2022-02-15T22:05:05.598683 2669 ] Result: cache miss
[2022-02-15T22:05:05.598749 2669 ] Acquired lock ./cache/d/stats.lock
[2022-02-15T22:05:05.598980 2669 ] Releasing lock ./cache/d/stats.lock
[2022-02-15T22:05:05.599019 2669 ] Unlink ./cache/d/stats.lock
[2022-02-15T22:05:05.599053 2669 ] Unlink ./cache/tmp/tmp.stderr.Ticlom
[2022-02-15T22:05:05.599082 2669 ] Unlink ./cache/tmp/tmp.stdout.YiSofp
[2022-02-15T22:05:05.599108 2669 ] Unlink ./cache/tmp/tmp.cpp_stderr.qLKQp1
[2022-02-15T22:05:05.599153 2669 ] Unlink ./cache/tmp/tmp.cpp_stdout.iOxAEW.i
[2022-02-15T22:05:05.599217 2669 ] Unlink ./cache/tmp/tmp.cpp_stdout.iOxAEW
